# JRE version: OpenJDK Runtime Environment (8.0_242-b01) (build 1.8.0_242-release-1644-b01)
# Java VM: OpenJDK 64-Bit Server VM (25.242-b01 mixed mode windows-amd64 compressed oops)
Heap:
 PSYoungGen      total 195072K, used 15357K [0x00000000d5580000, 0x00000000e3980000, 0x0000000100000000)
  eden space 179712K, 0% used [0x00000000d5580000,0x00000000d5580000,0x00000000e0500000)
  from space 15360K, 99% used [0x00000000e1b80000,0x00000000e2a7f7c0,0x00000000e2a80000)
  to   space 11776K, 0% used [0x00000000e2e00000,0x00000000e2e00000,0x00000000e3980000)
 ParOldGen       total 124416K, used 30249K [0x0000000080000000, 0x0000000087980000, 0x00000000d5580000)
  object space 124416K, 24% used [0x0000000080000000,0x0000000081d8a598,0x0000000087980000)
 Metaspace       used 56967K, capacity 59048K, committed 59160K, reserved 1099776K
  class space    used 7815K, capacity 8291K, committed 8368K, reserved 1048576K
GC Heap History (10 events):
Event: 13.290 GC heap after
Heap after GC invocations=7 (full 1):
 PSYoungGen      total 126976K, used 8683K [0x00000000d5580000, 0x00000000ddf00000, 0x0000000100000000)
  eden space 117248K, 0% used [0x00000000d5580000,0x00000000d5580000,0x00000000dc800000)
  from space 9728K, 89% used [0x00000000dd580000,0x00000000dddfacc0,0x00000000ddf00000)
  to   space 11776K, 0% used [0x00000000dc800000,0x00000000dc800000,0x00000000dd380000)
 ParOldGen       total 84480K, used 6952K [0x0000000080000000, 0x0000000085280000, 0x00000000d5580000)
  object space 84480K, 8% used [0x0000000080000000,0x00000000806ca300,0x0000000085280000)
 Metaspace       used 32290K, capacity 33060K, committed 33328K, reserved 1077248K
  class space    used 4407K, capacity 4613K, committed 4656K, reserved 1048576K
}
Event: 14.304 GC heap before
{Heap before GC invocations=8 (full 1):
 PSYoungGen      total 126976K, used 56016K [0x00000000d5580000, 0x00000000ddf00000, 0x0000000100000000)
  eden space 117248K, 40% used [0x00000000d5580000,0x00000000d83b9728,0x00000000dc800000)
  from space 9728K, 89% used [0x00000000dd580000,0x00000000dddfacc0,0x00000000ddf00000)
  to   space 11776K, 0% used [0x00000000dc800000,0x00000000dc800000,0x00000000dd380000)
 ParOldGen       total 84480K, used 6952K [0x0000000080000000, 0x0000000085280000, 0x00000000d5580000)
  object space 84480K, 8% used [0x0000000080000000,0x00000000806ca300,0x0000000085280000)
 Metaspace       used 34558K, capacity 35410K, committed 35496K, reserved 1079296K
  class space    used 4742K, capacity 4974K, committed 5040K, reserved 1048576K
Event: 14.342 GC heap after
Heap after GC invocations=8 (full 1):
 PSYoungGen      total 129024K, used 8764K [0x00000000d5580000, 0x00000000e3980000, 0x0000000100000000)
  eden space 117248K, 0% used [0x00000000d5580000,0x00000000d5580000,0x00000000dc800000)
  from space 11776K, 74% used [0x00000000dc800000,0x00000000dd08f1f8,0x00000000dd380000)
  to   space 11776K, 0% used [0x00000000e2e00000,0x00000000e2e00000,0x00000000e3980000)
 ParOldGen       total 84480K, used 6960K [0x0000000080000000, 0x0000000085280000, 0x00000000d5580000)
  object space 84480K, 8% used [0x0000000080000000,0x00000000806cc300,0x0000000085280000)
 Metaspace       used 34558K, capacity 35410K, committed 35496K, reserved 1079296K
  class space    used 4742K, capacity 4974K, committed 5040K, reserved 1048576K
}
Event: 14.342 GC heap before
{Heap before GC invocations=9 (full 2):
 PSYoungGen      total 129024K, used 8764K [0x00000000d5580000, 0x00000000e3980000, 0x0000000100000000)
  eden space 117248K, 0% used [0x00000000d5580000,0x00000000d5580000,0x00000000dc800000)
  from space 11776K, 74% used [0x00000000dc800000,0x00000000dd08f1f8,0x00000000dd380000)
  to   space 11776K, 0% used [0x00000000e2e00000,0x00000000e2e00000,0x00000000e3980000)
 ParOldGen       total 84480K, used 6960K [0x0000000080000000, 0x0000000085280000, 0x00000000d5580000)
  object space 84480K, 8% used [0x0000000080000000,0x00000000806cc300,0x0000000085280000)
 Metaspace       used 34558K, capacity 35410K, committed 35496K, reserved 1079296K
  class space    used 4742K, capacity 4974K, committed 5040K, reserved 1048576K
Event: 14.517 GC heap after
Heap after GC invocations=9 (full 2):
 PSYoungGen      total 129024K, used 0K [0x00000000d5580000, 0x00000000e3980000, 0x0000000100000000)
  eden space 117248K, 0% used [0x00000000d5580000,0x00000000d5580000,0x00000000dc800000)
  from space 11776K, 0% used [0x00000000dc800000,0x00000000dc800000,0x00000000dd380000)
  to   space 11776K, 0% used [0x00000000e2e00000,0x00000000e2e00000,0x00000000e3980000)
 ParOldGen       total 124416K, used 15206K [0x0000000080000000, 0x0000000087980000, 0x00000000d5580000)
  object space 124416K, 12% used [0x0000000080000000,0x0000000080ed9a98,0x0000000087980000)
 Metaspace       used 34558K, capacity 35410K, committed 35496K, reserved 1079296K
  class space    used 4742K, capacity 4974K, committed 5040K, reserved 1048576K
}
Event: 19.360 GC heap before
{Heap before GC invocations=10 (full 2):
 PSYoungGen      total 129024K, used 117248K [0x00000000d5580000, 0x00000000e3980000, 0x0000000100000000)
  eden space 117248K, 100% used [0x00000000d5580000,0x00000000dc800000,0x00000000dc800000)
  from space 11776K, 0% used [0x00000000dc800000,0x00000000dc800000,0x00000000dd380000)
  to   space 11776K, 0% used [0x00000000e2e00000,0x00000000e2e00000,0x00000000e3980000)
 ParOldGen       total 124416K, used 15206K [0x0000000080000000, 0x0000000087980000, 0x00000000d5580000)
  object space 124416K, 12% used [0x0000000080000000,0x0000000080ed9a98,0x0000000087980000)
 Metaspace       used 44367K, capacity 45932K, committed 46128K, reserved 1089536K
  class space    used 6011K, capacity 6402K, committed 6448K, reserved 1048576K
Event: 19.393 GC heap after
Heap after GC invocations=10 (full 2):
 PSYoungGen      total 191488K, used 11762K [0x00000000d5580000, 0x00000000e3980000, 0x0000000100000000)
  eden space 179712K, 0% used [0x00000000d5580000,0x00000000d5580000,0x00000000e0500000)
  from space 11776K, 99% used [0x00000000e2e00000,0x00000000e397c960,0x00000000e3980000)
  to   space 15360K, 0% used [0x00000000e1b80000,0x00000000e1b80000,0x00000000e2a80000)
 ParOldGen       total 124416K, used 21150K [0x0000000080000000, 0x0000000087980000, 0x00000000d5580000)
  object space 124416K, 16% used [0x0000000080000000,0x00000000814a7800,0x0000000087980000)
 Metaspace       used 44367K, capacity 45932K, committed 46128K, reserved 1089536K
  class space    used 6011K, capacity 6402K, committed 6448K, reserved 1048576K
}
Event: 25.442 GC heap before
{Heap before GC invocations=11 (full 2):
 PSYoungGen      total 191488K, used 160301K [0x00000000d5580000, 0x00000000e3980000, 0x0000000100000000)
  eden space 179712K, 82% used [0x00000000d5580000,0x00000000de68eda0,0x00000000e0500000)
  from space 11776K, 99% used [0x00000000e2e00000,0x00000000e397c960,0x00000000e3980000)
  to   space 15360K, 0% used [0x00000000e1b80000,0x00000000e1b80000,0x00000000e2a80000)
 ParOldGen       total 124416K, used 21150K [0x0000000080000000, 0x0000000087980000, 0x00000000d5580000)
  object space 124416K, 16% used [0x0000000080000000,0x00000000814a7800,0x0000000087980000)
 Metaspace       used 56967K, capacity 59048K, committed 59160K, reserved 1099776K
  class space    used 7815K, capacity 8291K, committed 8368K, reserved 1048576K
Event: 25.512 GC heap after
Heap after GC invocations=11 (full 2):
 PSYoungGen      total 195072K, used 15357K [0x00000000d5580000, 0x00000000e3980000, 0x0000000100000000)
  eden space 179712K, 0% used [0x00000000d5580000,0x00000000d5580000,0x00000000e0500000)
  from space 15360K, 99% used [0x00000000e1b80000,0x00000000e2a7f7c0,0x00000000e2a80000)
  to   space 11776K, 0% used [0x00000000e2e00000,0x00000000e2e00000,0x00000000e3980000)
 ParOldGen       total 124416K, used 30249K [0x0000000080000000, 0x0000000087980000, 0x00000000d5580000)
  object space 124416K, 24% used [0x0000000080000000,0x0000000081d8a598,0x0000000087980000)
 Metaspace       used 56967K, capacity 59048K, committed 59160K, reserved 1099776K
  class space    used 7815K, capacity 8291K, committed 8368K, reserved 1048576K
}
Event: 25.512 GC heap before
{Heap before GC invocations=12 (full 3):
 PSYoungGen      total 195072K, used 15357K [0x00000000d5580000, 0x00000000e3980000, 0x0000000100000000)
  eden space 179712K, 0% used [0x00000000d5580000,0x00000000d5580000,0x00000000e0500000)
  from space 15360K, 99% used [0x00000000e1b80000,0x00000000e2a7f7c0,0x00000000e2a80000)
  to   space 11776K, 0% used [0x00000000e2e00000,0x00000000e2e00000,0x00000000e3980000)
 ParOldGen       total 124416K, used 30249K [0x0000000080000000, 0x0000000087980000, 0x00000000d5580000)
  object space 124416K, 24% used [0x0000000080000000,0x0000000081d8a598,0x0000000087980000)
 Metaspace       used 56967K, capacity 59048K, committed 59160K, reserved 1099776K
  class space    used 7815K, capacity 8291K, committed 8368K, reserved 1048576K

